Determining if the pthread_create exist failed with the following output:
Change Dir: /home/ojd/Documents/Projects/cpp/rgb-tk/cmake-build-debug/CMakeFiles/CMakeTmp

Run Build Command:"/usr/bin/make" "cmTC_08652/fast"
/usr/bin/make -f CMakeFiles/cmTC_08652.dir/build.make CMakeFiles/cmTC_08652.dir/build
make[1]: Entering directory '/home/ojd/Data/Documents/Projects/cpp/rgb-tk/cmake-build-debug/CMakeFiles/CMakeTmp'
Building C object CMakeFiles/cmTC_08652.dir/CheckSymbolExists.c.o
/usr/bin/cc    -o CMakeFiles/cmTC_08652.dir/CheckSymbolExists.c.o   -c /home/ojd/Documents/Projects/cpp/rgb-tk/cmake-build-debug/CMakeFiles/CMakeTmp/CheckSymbolExists.c
Linking C executable cmTC_08652
/home/ojd/packages/clion-2018.2.3/bin/cmake/linux/bin/cmake -E cmake_link_script CMakeFiles/cmTC_08652.dir/link.txt --verbose=1
/usr/bin/cc      CMakeFiles/cmTC_08652.dir/CheckSymbolExists.c.o  -o cmTC_08652 
CMakeFiles/cmTC_08652.dir/CheckSymbolExists.c.o: In function `main':
CheckSymbolExists.c:(.text+0x1b): undefined reference to `pthread_create'
collect2: error: ld returned 1 exit status
CMakeFiles/cmTC_08652.dir/build.make:86: recipe for target 'cmTC_08652' failed
make[1]: *** [cmTC_08652] Error 1
make[1]: Leaving directory '/home/ojd/Data/Documents/Projects/cpp/rgb-tk/cmake-build-debug/CMakeFiles/CMakeTmp'
Makefile:121: recipe for target 'cmTC_08652/fast' failed
make: *** [cmTC_08652/fast] Error 2

File /home/ojd/Documents/Projects/cpp/rgb-tk/cmake-build-debug/CMakeFiles/CMakeTmp/CheckSymbolExists.c:
/* */
#include <pthread.h>

int main(int argc, char** argv)
{
  (void)argv;
#ifndef pthread_create
  return ((int*)(&pthread_create))[argc];
#else
  (void)argc;
  return 0;
#endif
}

Determining if the function pthread_create exists in the pthreads failed with the following output:
Change Dir: /home/ojd/Documents/Projects/cpp/rgb-tk/cmake-build-debug/CMakeFiles/CMakeTmp

Run Build Command:"/usr/bin/make" "cmTC_9b763/fast"
/usr/bin/make -f CMakeFiles/cmTC_9b763.dir/build.make CMakeFiles/cmTC_9b763.dir/build
make[1]: Entering directory '/home/ojd/Data/Documents/Projects/cpp/rgb-tk/cmake-build-debug/CMakeFiles/CMakeTmp'
Building C object CMakeFiles/cmTC_9b763.dir/CheckFunctionExists.c.o
/usr/bin/cc   -DCHECK_FUNCTION_EXISTS=pthread_create   -o CMakeFiles/cmTC_9b763.dir/CheckFunctionExists.c.o   -c /home/ojd/packages/clion-2018.2.3/bin/cmake/linux/share/cmake-3.12/Modules/CheckFunctionExists.c
Linking C executable cmTC_9b763
/home/ojd/packages/clion-2018.2.3/bin/cmake/linux/bin/cmake -E cmake_link_script CMakeFiles/cmTC_9b763.dir/link.txt --verbose=1
/usr/bin/cc  -DCHECK_FUNCTION_EXISTS=pthread_create    CMakeFiles/cmTC_9b763.dir/CheckFunctionExists.c.o  -o cmTC_9b763 -lpthreads 
/usr/bin/x86_64-linux-gnu-ld: cannot find -lpthreads
collect2: error: ld returned 1 exit status
CMakeFiles/cmTC_9b763.dir/build.make:86: recipe for target 'cmTC_9b763' failed
make[1]: *** [cmTC_9b763] Error 1
make[1]: Leaving directory '/home/ojd/Data/Documents/Projects/cpp/rgb-tk/cmake-build-debug/CMakeFiles/CMakeTmp'
Makefile:121: recipe for target 'cmTC_9b763/fast' failed
make: *** [cmTC_9b763/fast] Error 2


