Determining if the pthread_create exist failed with the following output:
Change Dir: /home/ojd/Documents/Projects/cpp/rgb-tk/cmake-build-armrelease/CMakeFiles/CMakeTmp

Run Build Command:"/usr/bin/make" "cmTC_8c39f/fast"
/usr/bin/make -f CMakeFiles/cmTC_8c39f.dir/build.make CMakeFiles/cmTC_8c39f.dir/build
make[1]: Entering directory '/home/ojd/Data/Documents/Projects/cpp/rgb-tk/cmake-build-armrelease/CMakeFiles/CMakeTmp'
Building C object CMakeFiles/cmTC_8c39f.dir/CheckSymbolExists.c.o
/usr/bin/arm-linux-gnueabihf-gcc    -o CMakeFiles/cmTC_8c39f.dir/CheckSymbolExists.c.o   -c /home/ojd/Documents/Projects/cpp/rgb-tk/cmake-build-armrelease/CMakeFiles/CMakeTmp/CheckSymbolExists.c
Linking C executable cmTC_8c39f
/home/ojd/packages/clion-2018.2.3/bin/cmake/linux/bin/cmake -E cmake_link_script CMakeFiles/cmTC_8c39f.dir/link.txt --verbose=1
/usr/bin/arm-linux-gnueabihf-gcc      CMakeFiles/cmTC_8c39f.dir/CheckSymbolExists.c.o  -o cmTC_8c39f 
CMakeFiles/cmTC_8c39f.dir/CheckSymbolExists.c.o: In function `main':
CheckSymbolExists.c:(.text+0x2c): undefined reference to `pthread_create'
collect2: error: ld returned 1 exit status
CMakeFiles/cmTC_8c39f.dir/build.make:86: recipe for target 'cmTC_8c39f' failed
make[1]: *** [cmTC_8c39f] Error 1
make[1]: Leaving directory '/home/ojd/Data/Documents/Projects/cpp/rgb-tk/cmake-build-armrelease/CMakeFiles/CMakeTmp'
Makefile:121: recipe for target 'cmTC_8c39f/fast' failed
make: *** [cmTC_8c39f/fast] Error 2

File /home/ojd/Documents/Projects/cpp/rgb-tk/cmake-build-armrelease/CMakeFiles/CMakeTmp/CheckSymbolExists.c:
/* */
#include <pthread.h>

int main(int argc, char** argv)
{
  (void)argv;
#ifndef pthread_create
  return ((int*)(&pthread_create))[argc];
#else
  (void)argc;
  return 0;
#endif
}

Determining if the function pthread_create exists in the pthreads failed with the following output:
Change Dir: /home/ojd/Documents/Projects/cpp/rgb-tk/cmake-build-armrelease/CMakeFiles/CMakeTmp

Run Build Command:"/usr/bin/make" "cmTC_bdd8a/fast"
/usr/bin/make -f CMakeFiles/cmTC_bdd8a.dir/build.make CMakeFiles/cmTC_bdd8a.dir/build
make[1]: Entering directory '/home/ojd/Data/Documents/Projects/cpp/rgb-tk/cmake-build-armrelease/CMakeFiles/CMakeTmp'
Building C object CMakeFiles/cmTC_bdd8a.dir/CheckFunctionExists.c.o
/usr/bin/arm-linux-gnueabihf-gcc   -DCHECK_FUNCTION_EXISTS=pthread_create   -o CMakeFiles/cmTC_bdd8a.dir/CheckFunctionExists.c.o   -c /home/ojd/packages/clion-2018.2.3/bin/cmake/linux/share/cmake-3.12/Modules/CheckFunctionExists.c
Linking C executable cmTC_bdd8a
/home/ojd/packages/clion-2018.2.3/bin/cmake/linux/bin/cmake -E cmake_link_script CMakeFiles/cmTC_bdd8a.dir/link.txt --verbose=1
/usr/bin/arm-linux-gnueabihf-gcc  -DCHECK_FUNCTION_EXISTS=pthread_create    CMakeFiles/cmTC_bdd8a.dir/CheckFunctionExists.c.o  -o cmTC_bdd8a -lpthreads 
/usr/bin/arm-linux-gnueabihf-ld: cannot find -lpthreads
collect2: error: ld returned 1 exit status
CMakeFiles/cmTC_bdd8a.dir/build.make:86: recipe for target 'cmTC_bdd8a' failed
make[1]: *** [cmTC_bdd8a] Error 1
make[1]: Leaving directory '/home/ojd/Data/Documents/Projects/cpp/rgb-tk/cmake-build-armrelease/CMakeFiles/CMakeTmp'
Makefile:121: recipe for target 'cmTC_bdd8a/fast' failed
make: *** [cmTC_bdd8a/fast] Error 2


